This is pdfTeX, Version 3.1415926-2.5-1.40.14 (MiKTeX 2.9) (preloaded format=pdflatex 2014.9.29)  22 OCT 2014 15:19
entering extended mode
**osemn.tex
(C:\Users\Sonali\Documents\GitHub\IT497-Assignment2\report\osemn.tex
LaTeX2e <2011/06/27>
Babel <v3.8m> and hyphenation patterns for english, afrikaans, ancientgreek, ar
abic, armenian, assamese, basque, bengali, bokmal, bulgarian, catalan, coptic, 
croatian, czech, danish, dutch, esperanto, estonian, farsi, finnish, french, ga
lician, german, german-x-2013-05-26, greek, gujarati, hindi, hungarian, iceland
ic, indonesian, interlingua, irish, italian, kannada, kurmanji, latin, latvian,
 lithuanian, malayalam, marathi, mongolian, mongolianlmc, monogreek, ngerman, n
german-x-2013-05-26, nynorsk, oriya, panjabi, pinyin, polish, portuguese, roman
ian, russian, sanskrit, serbian, slovak, slovenian, spanish, swedish, swissgerm
an, tamil, telugu, turkish, turkmen, ukenglish, ukrainian, uppersorbian, usengl
ishmax, welsh, loaded.
(D:\git\MikTex\tex\latex\base\article.cls
Document Class: article 2007/10/19 v1.4h Standard LaTeX document class
(D:\git\MikTex\tex\latex\base\size10.clo
File: size10.clo 2007/10/19 v1.4h Standard LaTeX file (size option)
)
\c@part=\count79
\c@section=\count80
\c@subsection=\count81
\c@subsubsection=\count82
\c@paragraph=\count83
\c@subparagraph=\count84
\c@figure=\count85
\c@table=\count86
\abovecaptionskip=\skip41
\belowcaptionskip=\skip42
\bibindent=\dimen102
)
(D:\git\MikTex\tex\latex\graphics\graphicx.sty
Package: graphicx 1999/02/16 v1.0f Enhanced LaTeX Graphics (DPC,SPQR)

(D:\git\MikTex\tex\latex\graphics\keyval.sty
Package: keyval 1999/03/16 v1.13 key=value parser (DPC)
\KV@toks@=\toks14
)
(D:\git\MikTex\tex\latex\graphics\graphics.sty
Package: graphics 2009/02/05 v1.0o Standard LaTeX Graphics (DPC,SPQR)

(D:\git\MikTex\tex\latex\graphics\trig.sty
Package: trig 1999/03/16 v1.09 sin cos tan (DPC)
)
(D:\git\MikTex\tex\latex\00miktex\graphics.cfg
File: graphics.cfg 2007/01/18 v1.5 graphics configuration of teTeX/TeXLive
)
Package graphics Info: Driver file: pdftex.def on input line 91.

(D:\git\MikTex\tex\latex\pdftex-def\pdftex.def
File: pdftex.def 2011/05/27 v0.06d Graphics/color for pdfTeX

(D:\git\MikTex\tex\generic\oberdiek\infwarerr.sty
Package: infwarerr 2010/04/08 v1.3 Providing info/warning/error messages (HO)
)
(D:\git\MikTex\tex\generic\oberdiek\ltxcmds.sty
Package: ltxcmds 2011/11/09 v1.22 LaTeX kernel commands for general use (HO)
)
\Gread@gobject=\count87
))
\Gin@req@height=\dimen103
\Gin@req@width=\dimen104
)
(D:\git\MikTex\tex\latex\graphics\color.sty
Package: color 2005/11/14 v1.0j Standard LaTeX Color (DPC)

(D:\git\MikTex\tex\latex\00miktex\color.cfg
File: color.cfg 2007/01/18 v1.5 color configuration of teTeX/TeXLive
)
Package color Info: Driver file: pdftex.def on input line 130.
)
(D:\git\MikTex\tex\latex\framed\framed.sty
Package: framed 2011/10/22 v 0.96: framed or shaded text with page breaks
\OuterFrameSep=\skip43
\fb@frw=\dimen105
\fb@frh=\dimen106
\FrameRule=\dimen107
\FrameSep=\dimen108
)
(D:\git\MikTex\tex\latex\base\alltt.sty
Package: alltt 1997/06/16 v2.0g defines alltt environment
)
(D:\git\MikTex\tex\latex\upquote\upquote.sty
Package: upquote 2012/04/19 v1.3 upright-quote and grave-accent glyphs in verba
tim
)
(C:\Users\Sonali\Documents\GitHub\IT497-Assignment2\report\osemn.aux)
LaTeX Font Info:    Checking defaults for OML/cmm/m/it on input line 52.
LaTeX Font Info:    ... okay on input line 52.
LaTeX Font Info:    Checking defaults for T1/cmr/m/n on input line 52.
LaTeX Font Info:    ... okay on input line 52.
LaTeX Font Info:    Checking defaults for OT1/cmr/m/n on input line 52.
LaTeX Font Info:    ... okay on input line 52.
LaTeX Font Info:    Checking defaults for OMS/cmsy/m/n on input line 52.
LaTeX Font Info:    ... okay on input line 52.
LaTeX Font Info:    Checking defaults for OMX/cmex/m/n on input line 52.
LaTeX Font Info:    ... okay on input line 52.
LaTeX Font Info:    Checking defaults for U/cmr/m/n on input line 52.
LaTeX Font Info:    ... okay on input line 52.

(D:\git\MikTex\tex\context\base\supp-pdf.mkii
[Loading MPS to PDF converter (version 2006.09.02).]
\scratchcounter=\count88
\scratchdimen=\dimen109
\scratchbox=\box26
\nofMPsegments=\count89
\nofMParguments=\count90
\everyMPshowfont=\toks15
\MPscratchCnt=\count91
\MPscratchDim=\dimen110
\MPnumerator=\count92
\makeMPintoPDFobject=\count93
\everyMPtoPDFconversion=\toks16
)
LaTeX Font Info:    External font `cmex10' loaded for size
(Font)              <12> on input line 62.
LaTeX Font Info:    External font `cmex10' loaded for size
(Font)              <8> on input line 62.
LaTeX Font Info:    External font `cmex10' loaded for size
(Font)              <6> on input line 62.
 [1

{C:/Users/Sonali/AppData/Local/MiKTeX/2.9/pdftex/config/pdftex.map}]
Package color Info: Redefining color shadecolor on input line 82.
LaTeX Font Info:    Font shape `OT1/cmtt/bx/n' in size <10> not available
(Font)              Font shape `OT1/cmtt/m/n' tried instead on input line 88.
Package color Info: Redefining color shadecolor on input line 102.

Overfull \hbox (1.98335pt too wide) in paragraph at lines 106--106
[][]\OT1/cmtt/m/it/10 # Cleaning the data needed to plot a graph showing the to
tal [][] 
 []

Package color Info: Redefining color shadecolor on input line 117.
[2]
Package color Info: Redefining color shadecolor on input line 132.
Package color Info: Redefining color shadecolor on input line 147.

Overfull \hbox (0.24724pt too wide) in paragraph at lines 159--159
[]\OT1/cmtt/m/n/10 ## $ school : num 620 614 610 600 597 600 588 588 581 574 ..
.[] 
 []

Package color Info: Redefining color shadecolor on input line 165.

Overfull \hbox (36.99692pt too wide) in paragraph at lines 179--179
[]\OT1/cmtt/m/n/10 ##       year                school         student         
 teacher[] 
 []


Overfull \hbox (52.74678pt too wide) in paragraph at lines 179--179
[]\OT1/cmtt/m/n/10 ##  Min.   :2001-12-31   Min.   :573.0   Min.   :399013   Mi
n.   :18715[] 
 []


Overfull \hbox (52.74678pt too wide) in paragraph at lines 179--179
[]\OT1/cmtt/m/n/10 ##  1st Qu.:2004-07-01   1st Qu.:584.5   1st Qu.:405631   1s
t Qu.:21162[] 
 []


Overfull \hbox (52.74678pt too wide) in paragraph at lines 179--179
[]\OT1/cmtt/m/n/10 ##  Median :2006-12-31   Median :597.0   Median :420193   Me
dian :22419[] 
 []


Overfull \hbox (52.74678pt too wide) in paragraph at lines 179--179
[]\OT1/cmtt/m/n/10 ##  Mean   :2006-12-31   Mean   :595.0   Mean   :417213   Me
an   :21958[] 
 []


Overfull \hbox (52.74678pt too wide) in paragraph at lines 179--179
[]\OT1/cmtt/m/n/10 ##  3rd Qu.:2009-07-01   3rd Qu.:605.0   3rd Qu.:428953   3r
d Qu.:22944[] 
 []


Overfull \hbox (52.74678pt too wide) in paragraph at lines 179--179
[]\OT1/cmtt/m/n/10 ##  Max.   :2011-12-31   Max.   :620.0   Max.   :432478   Ma
x.   :24659[] 
 []

Missing character: There is no â in font cmr10!
Missing character: There is no € in font cmr10!
Missing character: There is no ™ in font cmr10!
[3]
Package color Info: Redefining color shadecolor on input line 192.
Package color Info: Redefining color shadecolor on input line 226.
 <figure/chunk8-1.pdf, id=19, 505.89pt x 505.89pt>
File: figure/chunk8-1.pdf Graphic file (type pdf)

<use figure/chunk8-1.pdf>
Package pdftex.def Info: figure/chunk8-1.pdf used on input line 243.
(pdftex.def)             Requested size: 345.0pt x 345.00414pt.
 [4] [5 <C:/Users/Sonali/Documents/GitHub/IT497-Assignment2/report/figure/chunk
8-1.pdf>] [6]
(C:\Users\Sonali\Documents\GitHub\IT497-Assignment2\report\osemn.aux) ) 
Here is how much of TeX's memory you used:
 1285 strings out of 493921
 16651 string characters out of 3152893
 73094 words of memory out of 3000000
 4599 multiletter control sequences out of 15000+200000
 8400 words of font info for 31 fonts, out of 3000000 for 9000
 841 hyphenation exceptions out of 8191
 27i,6n,19p,633b,324s stack positions out of 5000i,500n,10000p,200000b,50000s
<D:/git/
MikTex/fonts/type1/public/amsfonts/cm/cmbx10.pfb><D:/git/MikTex/fonts/type1/pub
lic/amsfonts/cm/cmbx12.pfb><D:/git/MikTex/fonts/type1/public/amsfonts/cm/cmitt1
0.pfb><D:/git/MikTex/fonts/type1/public/amsfonts/cm/cmr10.pfb><D:/git/MikTex/fo
nts/type1/public/amsfonts/cm/cmr12.pfb><D:/git/MikTex/fonts/type1/public/amsfon
ts/cm/cmr17.pfb><D:/git/MikTex/fonts/type1/public/amsfonts/cm/cmtt10.pfb><D:/gi
t/MikTex/fonts/type1/public/amsfonts/cm/cmtt12.pfb>
Output written on osemn.pdf (6 pages, 129304 bytes).
PDF statistics:
 60 PDF objects out of 1000 (max. 8388607)
 0 named destinations out of 1000 (max. 500000)
 6 words of extra memory for PDF output out of 10000 (max. 10000000)

